Analysis & Synthesis report for AXI_lite
Tue Jun 14 13:30:40 2022
Quartus Prime Version 20.1.1 Build 720 11/11/2020 SJ Lite Edition


---------------------
; Table of Contents ;
---------------------
  1. Legal Notice
  2. Analysis & Synthesis Summary
  3. Analysis & Synthesis Settings
  4. Parallel Compilation
  5. Analysis & Synthesis Messages



----------------
; Legal Notice ;
----------------
Copyright (C) 2020  Intel Corporation. All rights reserved.
Your use of Intel Corporation's design tools, logic functions 
and other software and tools, and any partner logic 
functions, and any output files from any of the foregoing 
(including device programming or simulation files), and any 
associated documentation or information are expressly subject 
to the terms and conditions of the Intel Program License 
Subscription Agreement, the Intel Quartus Prime License Agreement,
the Intel FPGA IP License Agreement, or other applicable license
agreement, including, without limitation, that your use is for
the sole purpose of programming logic devices manufactured by
Intel and sold by Intel or its authorized distributors.  Please
refer to the applicable agreement for further details, at
https://fpgasoftware.intel.com/eula.



+----------------------------------------------------------------------------------+
; Analysis & Synthesis Summary                                                     ;
+------------------------------------+---------------------------------------------+
; Analysis & Synthesis Status        ; Failed - Tue Jun 14 13:30:40 2022           ;
; Quartus Prime Version              ; 20.1.1 Build 720 11/11/2020 SJ Lite Edition ;
; Revision Name                      ; AXI_lite                                    ;
; Top-level Entity Name              ; AXI_lite                                    ;
; Family                             ; MAX 10                                      ;
; Total logic elements               ; N/A until Partition Merge                   ;
;     Total combinational functions  ; N/A until Partition Merge                   ;
;     Dedicated logic registers      ; N/A until Partition Merge                   ;
; Total registers                    ; N/A until Partition Merge                   ;
; Total pins                         ; N/A until Partition Merge                   ;
; Total virtual pins                 ; N/A until Partition Merge                   ;
; Total memory bits                  ; N/A until Partition Merge                   ;
; Embedded Multiplier 9-bit elements ; N/A until Partition Merge                   ;
; Total PLLs                         ; N/A until Partition Merge                   ;
; UFM blocks                         ; N/A until Partition Merge                   ;
; ADC blocks                         ; N/A until Partition Merge                   ;
+------------------------------------+---------------------------------------------+


+------------------------------------------------------------------------------------------------------------+
; Analysis & Synthesis Settings                                                                              ;
+------------------------------------------------------------------+--------------------+--------------------+
; Option                                                           ; Setting            ; Default Value      ;
+------------------------------------------------------------------+--------------------+--------------------+
; Device                                                           ; 10M50DAF484C7G     ;                    ;
; Top-level entity name                                            ; AXI_lite           ; AXI_lite           ;
; Family name                                                      ; MAX 10             ; Cyclone V          ;
; Use smart compilation                                            ; Off                ; Off                ;
; Enable parallel Assembler and Timing Analyzer during compilation ; On                 ; On                 ;
; Enable compact report table                                      ; Off                ; Off                ;
; Restructure Multiplexers                                         ; Auto               ; Auto               ;
; Create Debugging Nodes for IP Cores                              ; Off                ; Off                ;
; Preserve fewer node names                                        ; On                 ; On                 ;
; Intel FPGA IP Evaluation Mode                                    ; Enable             ; Enable             ;
; Verilog Version                                                  ; Verilog_2001       ; Verilog_2001       ;
; VHDL Version                                                     ; VHDL_1993          ; VHDL_1993          ;
; State Machine Processing                                         ; Auto               ; Auto               ;
; Safe State Machine                                               ; Off                ; Off                ;
; Extract Verilog State Machines                                   ; On                 ; On                 ;
; Extract VHDL State Machines                                      ; On                 ; On                 ;
; Ignore Verilog initial constructs                                ; Off                ; Off                ;
; Iteration limit for constant Verilog loops                       ; 5000               ; 5000               ;
; Iteration limit for non-constant Verilog loops                   ; 250                ; 250                ;
; Add Pass-Through Logic to Inferred RAMs                          ; On                 ; On                 ;
; Infer RAMs from Raw Logic                                        ; On                 ; On                 ;
; Parallel Synthesis                                               ; On                 ; On                 ;
; DSP Block Balancing                                              ; Auto               ; Auto               ;
; NOT Gate Push-Back                                               ; On                 ; On                 ;
; Power-Up Don't Care                                              ; On                 ; On                 ;
; Remove Redundant Logic Cells                                     ; Off                ; Off                ;
; Remove Duplicate Registers                                       ; On                 ; On                 ;
; Ignore CARRY Buffers                                             ; Off                ; Off                ;
; Ignore CASCADE Buffers                                           ; Off                ; Off                ;
; Ignore GLOBAL Buffers                                            ; Off                ; Off                ;
; Ignore ROW GLOBAL Buffers                                        ; Off                ; Off                ;
; Ignore LCELL Buffers                                             ; Off                ; Off                ;
; Ignore SOFT Buffers                                              ; On                 ; On                 ;
; Limit AHDL Integers to 32 Bits                                   ; Off                ; Off                ;
; Optimization Technique                                           ; Balanced           ; Balanced           ;
; Carry Chain Length                                               ; 70                 ; 70                 ;
; Auto Carry Chains                                                ; On                 ; On                 ;
; Auto Open-Drain Pins                                             ; On                 ; On                 ;
; Perform WYSIWYG Primitive Resynthesis                            ; Off                ; Off                ;
; Auto ROM Replacement                                             ; On                 ; On                 ;
; Auto RAM Replacement                                             ; On                 ; On                 ;
; Auto DSP Block Replacement                                       ; On                 ; On                 ;
; Auto Shift Register Replacement                                  ; Auto               ; Auto               ;
; Allow Shift Register Merging across Hierarchies                  ; Auto               ; Auto               ;
; Auto Clock Enable Replacement                                    ; On                 ; On                 ;
; Strict RAM Replacement                                           ; Off                ; Off                ;
; Allow Synchronous Control Signals                                ; On                 ; On                 ;
; Force Use of Synchronous Clear Signals                           ; Off                ; Off                ;
; Auto RAM Block Balancing                                         ; On                 ; On                 ;
; Auto RAM to Logic Cell Conversion                                ; Off                ; Off                ;
; Auto Resource Sharing                                            ; Off                ; Off                ;
; Allow Any RAM Size For Recognition                               ; Off                ; Off                ;
; Allow Any ROM Size For Recognition                               ; Off                ; Off                ;
; Allow Any Shift Register Size For Recognition                    ; Off                ; Off                ;
; Use LogicLock Constraints during Resource Balancing              ; On                 ; On                 ;
; Ignore translate_off and synthesis_off directives                ; Off                ; Off                ;
; Timing-Driven Synthesis                                          ; On                 ; On                 ;
; Report Parameter Settings                                        ; On                 ; On                 ;
; Report Source Assignments                                        ; On                 ; On                 ;
; Report Connectivity Checks                                       ; On                 ; On                 ;
; Ignore Maximum Fan-Out Assignments                               ; Off                ; Off                ;
; Synchronization Register Chain Length                            ; 2                  ; 2                  ;
; Power Optimization During Synthesis                              ; Normal compilation ; Normal compilation ;
; HDL message level                                                ; Level2             ; Level2             ;
; Suppress Register Optimization Related Messages                  ; Off                ; Off                ;
; Number of Removed Registers Reported in Synthesis Report         ; 5000               ; 5000               ;
; Number of Swept Nodes Reported in Synthesis Report               ; 5000               ; 5000               ;
; Number of Inverted Registers Reported in Synthesis Report        ; 100                ; 100                ;
; Clock MUX Protection                                             ; On                 ; On                 ;
; Auto Gated Clock Conversion                                      ; Off                ; Off                ;
; Block Design Naming                                              ; Auto               ; Auto               ;
; SDC constraint protection                                        ; Off                ; Off                ;
; Synthesis Effort                                                 ; Auto               ; Auto               ;
; Shift Register Replacement - Allow Asynchronous Clear Signal     ; On                 ; On                 ;
; Pre-Mapping Resynthesis Optimization                             ; Off                ; Off                ;
; Analysis & Synthesis Message Level                               ; Medium             ; Medium             ;
; Disable Register Merging Across Hierarchies                      ; Auto               ; Auto               ;
; Resource Aware Inference For Block RAM                           ; On                 ; On                 ;
+------------------------------------------------------------------+--------------------+--------------------+


+------------------------------------------+
; Parallel Compilation                     ;
+----------------------------+-------------+
; Processors                 ; Number      ;
+----------------------------+-------------+
; Number detected on machine ; 8           ;
; Maximum allowed            ; 4           ;
;                            ;             ;
; Average used               ; 1.00        ;
; Maximum used               ; 1           ;
;                            ;             ;
; Usage by Processor         ; % Time Used ;
;     Processor 1            ; 100.0%      ;
+----------------------------+-------------+


+-------------------------------+
; Analysis & Synthesis Messages ;
+-------------------------------+
Info: *******************************************************************
Info: Running Quartus Prime Analysis & Synthesis
    Info: Version 20.1.1 Build 720 11/11/2020 SJ Lite Edition
    Info: Processing started: Tue Jun 14 13:30:31 2022
Info: Command: quartus_map --read_settings_files=on --write_settings_files=off AXI_lite -c AXI_lite
Warning (18236): Number of processors has not been specified which may cause overloading on shared machines.  Set the global assignment NUM_PARALLEL_PROCESSORS in your QSF to an appropriate value for best performance.
Info (20030): Parallel compilation is enabled and will use 4 of the 4 processors detected
Warning (10275): Verilog HDL Module Instantiation warning at AXI_lite.v(42): ignored dangling comma in List of Port Connections File: D:/Workspace/AMBA-AXI4-Lite/AXI_lite.v Line: 42
Info (12021): Found 1 design units, including 1 entities, in source file axi_lite.v
    Info (12023): Found entity 1: AXI_lite File: D:/Workspace/AMBA-AXI4-Lite/AXI_lite.v Line: 1
Info (12021): Found 3 design units, including 3 entities, in source file write_address_ms.v
    Info (12023): Found entity 1: write_address_ms File: D:/Workspace/AMBA-AXI4-Lite/write_address_ms.v Line: 1
    Info (12023): Found entity 2: write_address_master File: D:/Workspace/AMBA-AXI4-Lite/write_address_ms.v Line: 18
    Info (12023): Found entity 3: write_address_slave File: D:/Workspace/AMBA-AXI4-Lite/write_address_ms.v Line: 58
Info (12021): Found 3 design units, including 3 entities, in source file write_data_ms.v
    Info (12023): Found entity 1: write_data_ms File: D:/Workspace/AMBA-AXI4-Lite/write_data_ms.v Line: 1
    Info (12023): Found entity 2: write_data_master File: D:/Workspace/AMBA-AXI4-Lite/write_data_ms.v Line: 19
    Info (12023): Found entity 3: write_data_slave File: D:/Workspace/AMBA-AXI4-Lite/write_data_ms.v Line: 88
Info (12021): Found 3 design units, including 3 entities, in source file write_response_ms.v
    Info (12023): Found entity 1: write_response_ms File: D:/Workspace/AMBA-AXI4-Lite/write_response_ms.v Line: 1
    Info (12023): Found entity 2: write_response_master File: D:/Workspace/AMBA-AXI4-Lite/write_response_ms.v Line: 18
    Info (12023): Found entity 3: write_response_slave File: D:/Workspace/AMBA-AXI4-Lite/write_response_ms.v Line: 45
Info (12021): Found 3 design units, including 3 entities, in source file read_address_ms.v
    Info (12023): Found entity 1: read_address_ms File: D:/Workspace/AMBA-AXI4-Lite/read_address_ms.v Line: 1
    Info (12023): Found entity 2: read_address_master File: D:/Workspace/AMBA-AXI4-Lite/read_address_ms.v Line: 18
    Info (12023): Found entity 3: read_address_slave File: D:/Workspace/AMBA-AXI4-Lite/read_address_ms.v Line: 46
Info (12021): Found 3 design units, including 3 entities, in source file read_data_ms.v
    Info (12023): Found entity 1: read_data_ms File: D:/Workspace/AMBA-AXI4-Lite/read_data_ms.v Line: 1
    Info (12023): Found entity 2: read_data_master File: D:/Workspace/AMBA-AXI4-Lite/read_data_ms.v Line: 19
    Info (12023): Found entity 3: read_data_slave File: D:/Workspace/AMBA-AXI4-Lite/read_data_ms.v Line: 48
Warning (10236): Verilog HDL Implicit Net warning at AXI_lite.v(42): created implicit net for "BRESP" File: D:/Workspace/AMBA-AXI4-Lite/AXI_lite.v Line: 42
Warning (10236): Verilog HDL Implicit Net warning at write_address_ms.v(11): created implicit net for "o_AWVALID" File: D:/Workspace/AMBA-AXI4-Lite/write_address_ms.v Line: 11
Warning (10236): Verilog HDL Implicit Net warning at write_address_ms.v(11): created implicit net for "o_AWREADY" File: D:/Workspace/AMBA-AXI4-Lite/write_address_ms.v Line: 11
Warning (10236): Verilog HDL Implicit Net warning at read_data_ms.v(14): created implicit net for "o_RVALID" File: D:/Workspace/AMBA-AXI4-Lite/read_data_ms.v Line: 14
Warning (10236): Verilog HDL Implicit Net warning at read_data_ms.v(14): created implicit net for "o_RREADY" File: D:/Workspace/AMBA-AXI4-Lite/read_data_ms.v Line: 14
Info (12127): Elaborating entity "AXI_lite" for the top level hierarchy
Warning (10034): Output port "o_BRESP" at AXI_lite.v(24) has no driver File: D:/Workspace/AMBA-AXI4-Lite/AXI_lite.v Line: 24
Info (12128): Elaborating entity "write_address_ms" for hierarchy "write_address_ms:wa" File: D:/Workspace/AMBA-AXI4-Lite/AXI_lite.v Line: 40
Warning (10036): Verilog HDL or VHDL warning at write_address_ms.v(8): object "o_AREADY" assigned a value but never read File: D:/Workspace/AMBA-AXI4-Lite/write_address_ms.v Line: 8
Warning (10036): Verilog HDL or VHDL warning at write_address_ms.v(8): object "o_AVALID" assigned a value but never read File: D:/Workspace/AMBA-AXI4-Lite/write_address_ms.v Line: 8
Info (12128): Elaborating entity "write_address_master" for hierarchy "write_address_ms:wa|write_address_master:addr_m" File: D:/Workspace/AMBA-AXI4-Lite/write_address_ms.v Line: 11
Error (10122): Verilog HDL Event Control error at write_address_ms.v(30): mixed single- and double-edge expressions are not supported File: D:/Workspace/AMBA-AXI4-Lite/write_address_ms.v Line: 30
Warning (10235): Verilog HDL Always Construct warning at write_address_ms.v(46): variable "o_AWVALID" is read inside the Always Construct but isn't in the Always Construct's Event Control File: D:/Workspace/AMBA-AXI4-Lite/write_address_ms.v Line: 46
Warning (10235): Verilog HDL Always Construct warning at write_address_ms.v(46): variable "AWREADY" is read inside the Always Construct but isn't in the Always Construct's Event Control File: D:/Workspace/AMBA-AXI4-Lite/write_address_ms.v Line: 46
Warning (10235): Verilog HDL Always Construct warning at write_address_ms.v(47): variable "i_AWADDR" is read inside the Always Construct but isn't in the Always Construct's Event Control File: D:/Workspace/AMBA-AXI4-Lite/write_address_ms.v Line: 47
Warning (10240): Verilog HDL Always Construct warning at write_address_ms.v(30): inferring latch(es) for variable "o_AWADDR", which holds its previous value in one or more paths through the always construct File: D:/Workspace/AMBA-AXI4-Lite/write_address_ms.v Line: 30
Warning (10240): Verilog HDL Always Construct warning at write_address_ms.v(30): inferring latch(es) for variable "o_AWVALID", which holds its previous value in one or more paths through the always construct File: D:/Workspace/AMBA-AXI4-Lite/write_address_ms.v Line: 30
Info (10041): Inferred latch for "o_AWVALID" at write_address_ms.v(30) File: D:/Workspace/AMBA-AXI4-Lite/write_address_ms.v Line: 30
Info (10041): Inferred latch for "o_AWADDR[0]" at write_address_ms.v(30) File: D:/Workspace/AMBA-AXI4-Lite/write_address_ms.v Line: 30
Info (10041): Inferred latch for "o_AWADDR[1]" at write_address_ms.v(30) File: D:/Workspace/AMBA-AXI4-Lite/write_address_ms.v Line: 30
Info (10041): Inferred latch for "o_AWADDR[2]" at write_address_ms.v(30) File: D:/Workspace/AMBA-AXI4-Lite/write_address_ms.v Line: 30
Info (10041): Inferred latch for "o_AWADDR[3]" at write_address_ms.v(30) File: D:/Workspace/AMBA-AXI4-Lite/write_address_ms.v Line: 30
Info (10041): Inferred latch for "o_AWADDR[4]" at write_address_ms.v(30) File: D:/Workspace/AMBA-AXI4-Lite/write_address_ms.v Line: 30
Info (10041): Inferred latch for "o_AWADDR[5]" at write_address_ms.v(30) File: D:/Workspace/AMBA-AXI4-Lite/write_address_ms.v Line: 30
Info (10041): Inferred latch for "o_AWADDR[6]" at write_address_ms.v(30) File: D:/Workspace/AMBA-AXI4-Lite/write_address_ms.v Line: 30
Info (10041): Inferred latch for "o_AWADDR[7]" at write_address_ms.v(30) File: D:/Workspace/AMBA-AXI4-Lite/write_address_ms.v Line: 30
Info (10041): Inferred latch for "o_AWADDR[8]" at write_address_ms.v(30) File: D:/Workspace/AMBA-AXI4-Lite/write_address_ms.v Line: 30
Info (10041): Inferred latch for "o_AWADDR[9]" at write_address_ms.v(30) File: D:/Workspace/AMBA-AXI4-Lite/write_address_ms.v Line: 30
Info (10041): Inferred latch for "o_AWADDR[10]" at write_address_ms.v(30) File: D:/Workspace/AMBA-AXI4-Lite/write_address_ms.v Line: 30
Info (10041): Inferred latch for "o_AWADDR[11]" at write_address_ms.v(30) File: D:/Workspace/AMBA-AXI4-Lite/write_address_ms.v Line: 30
Info (10041): Inferred latch for "o_AWADDR[12]" at write_address_ms.v(30) File: D:/Workspace/AMBA-AXI4-Lite/write_address_ms.v Line: 30
Info (10041): Inferred latch for "o_AWADDR[13]" at write_address_ms.v(30) File: D:/Workspace/AMBA-AXI4-Lite/write_address_ms.v Line: 30
Info (10041): Inferred latch for "o_AWADDR[14]" at write_address_ms.v(30) File: D:/Workspace/AMBA-AXI4-Lite/write_address_ms.v Line: 30
Info (10041): Inferred latch for "o_AWADDR[15]" at write_address_ms.v(30) File: D:/Workspace/AMBA-AXI4-Lite/write_address_ms.v Line: 30
Info (10041): Inferred latch for "o_AWADDR[16]" at write_address_ms.v(30) File: D:/Workspace/AMBA-AXI4-Lite/write_address_ms.v Line: 30
Info (10041): Inferred latch for "o_AWADDR[17]" at write_address_ms.v(30) File: D:/Workspace/AMBA-AXI4-Lite/write_address_ms.v Line: 30
Info (10041): Inferred latch for "o_AWADDR[18]" at write_address_ms.v(30) File: D:/Workspace/AMBA-AXI4-Lite/write_address_ms.v Line: 30
Info (10041): Inferred latch for "o_AWADDR[19]" at write_address_ms.v(30) File: D:/Workspace/AMBA-AXI4-Lite/write_address_ms.v Line: 30
Info (10041): Inferred latch for "o_AWADDR[20]" at write_address_ms.v(30) File: D:/Workspace/AMBA-AXI4-Lite/write_address_ms.v Line: 30
Info (10041): Inferred latch for "o_AWADDR[21]" at write_address_ms.v(30) File: D:/Workspace/AMBA-AXI4-Lite/write_address_ms.v Line: 30
Info (10041): Inferred latch for "o_AWADDR[22]" at write_address_ms.v(30) File: D:/Workspace/AMBA-AXI4-Lite/write_address_ms.v Line: 30
Info (10041): Inferred latch for "o_AWADDR[23]" at write_address_ms.v(30) File: D:/Workspace/AMBA-AXI4-Lite/write_address_ms.v Line: 30
Info (10041): Inferred latch for "o_AWADDR[24]" at write_address_ms.v(30) File: D:/Workspace/AMBA-AXI4-Lite/write_address_ms.v Line: 30
Info (10041): Inferred latch for "o_AWADDR[25]" at write_address_ms.v(30) File: D:/Workspace/AMBA-AXI4-Lite/write_address_ms.v Line: 30
Info (10041): Inferred latch for "o_AWADDR[26]" at write_address_ms.v(30) File: D:/Workspace/AMBA-AXI4-Lite/write_address_ms.v Line: 30
Info (10041): Inferred latch for "o_AWADDR[27]" at write_address_ms.v(30) File: D:/Workspace/AMBA-AXI4-Lite/write_address_ms.v Line: 30
Info (10041): Inferred latch for "o_AWADDR[28]" at write_address_ms.v(30) File: D:/Workspace/AMBA-AXI4-Lite/write_address_ms.v Line: 30
Info (10041): Inferred latch for "o_AWADDR[29]" at write_address_ms.v(30) File: D:/Workspace/AMBA-AXI4-Lite/write_address_ms.v Line: 30
Info (10041): Inferred latch for "o_AWADDR[30]" at write_address_ms.v(30) File: D:/Workspace/AMBA-AXI4-Lite/write_address_ms.v Line: 30
Info (10041): Inferred latch for "o_AWADDR[31]" at write_address_ms.v(30) File: D:/Workspace/AMBA-AXI4-Lite/write_address_ms.v Line: 30
Error (12152): Can't elaborate user hierarchy "write_address_ms:wa|write_address_master:addr_m" File: D:/Workspace/AMBA-AXI4-Lite/write_address_ms.v Line: 11
Error: Quartus Prime Analysis & Synthesis was unsuccessful. 2 errors, 15 warnings
    Error: Peak virtual memory: 4705 megabytes
    Error: Processing ended: Tue Jun 14 13:30:40 2022
    Error: Elapsed time: 00:00:09
    Error: Total CPU time (on all processors): 00:00:22


